\BOOKMARK [0][-]{chapter.1}{\376\377\163\260\116\343\000C\000+\000+}{}% 1
\BOOKMARK [1][-]{section.1.1}{\376\377\213\355\212\000\116\016\203\003\137\017}{chapter.1}% 2
\BOOKMARK [2][-]{subsection.1.1.1}{\376\377\236\330\213\244\221\307\165\050\000\173\000\175\122\035\131\313\123\026}{section.1.1}% 3
\BOOKMARK [2][-]{subsection.1.1.2}{\376\377\117\177\165\050\000a\000l\000i\000a\000s\377\014\116\015\165\050\000t\000y\000p\000e\000d\000e\000f}{section.1.1}% 4
\BOOKMARK [2][-]{subsection.1.1.3}{\376\377\117\177\165\050\000e\000n\000u\000m\000\040\000c\000l\000a\000s\000s\377\014\134\021\165\050\000e\000n\000u\000m}{section.1.1}% 5
\BOOKMARK [1][-]{section.1.2}{\376\377\131\032\176\277\172\013\177\026\172\013}{chapter.1}% 6
\BOOKMARK [1][-]{section.1.3}{\376\377\155\361\136\246\133\146\116\140\150\106\147\266}{chapter.1}% 7
\BOOKMARK [0][-]{chapter.2}{\376\377\173\227\154\325\116\016\145\160\143\156\176\323\147\204}{}% 8
\BOOKMARK [1][-]{section.2.1}{\376\377\145\160\143\156\176\323\147\204}{chapter.2}% 9
\BOOKMARK [1][-]{section.2.2}{\376\377\000L\000e\000e\000t\000c\000o\000d\000e\116\055\166\204\173\227\154\325}{chapter.2}% 10
\BOOKMARK [1][-]{section.2.3}{\376\377\232\330\176\247\213\335\230\230\116\055\166\204\173\227\154\325}{chapter.2}% 11
\BOOKMARK [0][-]{chapter.3}{\376\377\122\006\136\003\137\017\213\241\173\227\116\016\133\130\120\250}{}% 12
\BOOKMARK [1][-]{section.3.1}{\376\377\000k\000u\000b\000e\000r\000n\000e\000t\000e\000s\133\271\126\150\226\306\177\244}{chapter.3}% 13
\BOOKMARK [1][-]{section.3.2}{\376\377\122\006\136\003\137\017\174\373\176\337\166\204\117\040\176\337\133\236\163\260}{chapter.3}% 14
\BOOKMARK [1][-]{section.3.3}{\376\377\000K\000V\000\040\000S\000t\000o\000r\000e}{chapter.3}% 15
\BOOKMARK [2][-]{subsection.3.3.1}{\376\377\000L\000e\000v\000e\000l\000d\000b}{section.3.3}% 16
\BOOKMARK [0][-]{chapter.4}{\376\377\122\115\172\357}{}% 17
\BOOKMARK [1][-]{section.4.1}{\376\377\201\032\142\113\147\266\116\016\135\345\121\167\224\376}{chapter.4}% 18
\BOOKMARK [1][-]{section.4.2}{\376\377\000S\000t\000a\000t\000e\000l\000e\000s\000s\152\041\127\127\123\026\177\026\172\013\203\003\137\017}{chapter.4}% 19
\BOOKMARK [0][-]{chapter.5}{\376\377\147\072\126\150\133\146\116\140}{}% 20
\BOOKMARK [1][-]{section.5.1}{\376\377\155\361\136\246\133\146\116\140}{chapter.5}% 21
\BOOKMARK [1][-]{section.5.2}{\376\377\117\040\176\337\145\271\154\325}{chapter.5}% 22
\BOOKMARK [0][-]{chapter.6}{\376\377\000J\000a\000v\000a\116\345\123\312\133\203\166\204\165\037\140\001}{}% 23
\BOOKMARK [1][-]{section.6.1}{\376\377\000J\000a\000v\000a\0008\000/\0009\000/\0001\0000\145\260\162\171\140\047}{chapter.6}% 24
\BOOKMARK [1][-]{section.6.2}{\376\377\000S\000p\000r\000i\000n\000g\000\040\000W\000e\000b\000F\000l\000u\000x}{chapter.6}% 25
\BOOKMARK [1][-]{section.6.3}{\376\377\000S\000p\000r\000i\000n\000g\000-\000b\000o\000o\000t}{chapter.6}% 26
\BOOKMARK [0][-]{chapter.7}{\376\377\000P\000y\000t\000h\000o\000n\124\016\172\357\137\000\123\321}{}% 27
\BOOKMARK [1][-]{section.7.1}{\376\377\213\355\154\325\116\016\213\355\154\325\174\326}{chapter.7}% 28
\BOOKMARK [1][-]{section.7.2}{\376\377\000F\000l\000a\000s\000k}{chapter.7}% 29
\BOOKMARK [1][-]{section.7.3}{\376\377\000T\000o\000r\000n\000a\000d\000o}{chapter.7}% 30
\BOOKMARK [0][-]{chapter.8}{\376\377\135\345\172\013\176\317\232\214}{}% 31
\BOOKMARK [1][-]{section.8.1}{\376\377\000B\000l\000o\000o\000d\000M\000i\000s\000e\000r}{chapter.8}% 32
\BOOKMARK [1][-]{section.8.2}{\376\377\121\233\165\050\146\172\200\375\213\241\173\227}{chapter.8}% 33
\BOOKMARK [1][-]{section.8.3}{\376\377\000S\000t\000a\000t\000e\000l\000e\000s\000s}{chapter.8}% 34
\BOOKMARK [1][-]{section.8.4}{\376\377\000D\000o\000-\000N\000o\000t\000-\000Y\000a\000r\000n}{chapter.8}% 35
\BOOKMARK [0][-]{chapter.9}{\376\377\171\076\117\032\176\317\232\214}{}% 36
\BOOKMARK [1][-]{section.9.1}{\376\377\200\114\127\072}{chapter.9}% 37
\BOOKMARK [1][-]{section.9.2}{\376\377\165\037\155\073}{chapter.9}% 38
\BOOKMARK [0][-]{chapter.10}{\376\377\127\060\177\030\145\077\154\273}{}% 39
\BOOKMARK [1][-]{section.10.1}{\376\377\116\055\177\216\153\146\126\150\210\305\131\007}{chapter.10}% 40
\BOOKMARK [1][-]{section.10.2}{\376\377\177\216\126\375\126\375\121\205\145\077\154\273}{chapter.10}% 41
\BOOKMARK [1][-]{section.10.3}{\376\377\124\150\217\271\126\375\133\266\116\016\123\360\156\176}{chapter.10}% 42
